{"uuid":"0dc2fe51-60b8-466c-bf29-8a0595d4c326","name":"com.qa.tests.SicknessBenefitFor91Days.tearDown","children":["37dfd733-c18b-4c95-9557-419d541c446d"],"description":"","befores":[],"afters":[{"name":"tearDown","status":"broken","statusDetails":{"known":false,"muted":false,"flaky":false,"message":"Window not found. The browser window may have been closed.\nCommand duration or timeout: 6 milliseconds\nBuild info: version: '2.53.0', revision: '35ae25b1534ae328c771e0856c93e187490ca824', time: '2016-03-15 10:43:46'\nSystem info: host: 'DESKTOP-3MLN4MN', ip: '192.168.0.34', os.name: 'Windows 10', os.arch: 'amd64', os.version: '10.0', java.version: '1.8.0_281'\nDriver info: org.openqa.selenium.firefox.FirefoxDriver\nCapabilities [{applicationCacheEnabled=true, rotatable=false, handlesAlerts=true, databaseEnabled=true, version=40.0.3, platform=WINDOWS, nativeEvents=false, acceptSslCerts=true, webStorageEnabled=true, locationContextEnabled=true, browserName=firefox, takesScreenshot=true, javascriptEnabled=true, cssSelectorsEnabled=true}]\nSession ID: f0d897a8-a3a3-498e-9a2d-f47115a7729a","trace":"org.openqa.selenium.NoSuchWindowException: Window not found. The browser window may have been closed.\nCommand duration or timeout: 6 milliseconds\nBuild info: version: '2.53.0', revision: '35ae25b1534ae328c771e0856c93e187490ca824', time: '2016-03-15 10:43:46'\nSystem info: host: 'DESKTOP-3MLN4MN', ip: '192.168.0.34', os.name: 'Windows 10', os.arch: 'amd64', os.version: '10.0', java.version: '1.8.0_281'\nDriver info: org.openqa.selenium.firefox.FirefoxDriver\nCapabilities [{applicationCacheEnabled=true, rotatable=false, handlesAlerts=true, databaseEnabled=true, version=40.0.3, platform=WINDOWS, nativeEvents=false, acceptSslCerts=true, webStorageEnabled=true, locationContextEnabled=true, browserName=firefox, takesScreenshot=true, javascriptEnabled=true, cssSelectorsEnabled=true}]\nSession ID: f0d897a8-a3a3-498e-9a2d-f47115a7729a\r\n\tat sun.reflect.NativeConstructorAccessorImpl.newInstance0(Native Method)\r\n\tat sun.reflect.NativeConstructorAccessorImpl.newInstance(NativeConstructorAccessorImpl.java:62)\r\n\tat sun.reflect.DelegatingConstructorAccessorImpl.newInstance(DelegatingConstructorAccessorImpl.java:45)\r\n\tat java.lang.reflect.Constructor.newInstance(Constructor.java:423)\r\n\tat org.openqa.selenium.remote.ErrorHandler.createThrowable(ErrorHandler.java:206)\r\n\tat org.openqa.selenium.remote.ErrorHandler.throwIfResponseFailed(ErrorHandler.java:158)\r\n\tat org.openqa.selenium.remote.RemoteWebDriver.execute(RemoteWebDriver.java:678)\r\n\tat org.openqa.selenium.remote.RemoteWebDriver.execute(RemoteWebDriver.java:701)\r\n\tat org.openqa.selenium.firefox.FirefoxDriver.getScreenshotAs(FirefoxDriver.java:341)\r\n\tat com.qa.util.Utility.getScreenshot(Utility.java:341)\r\n\tat com.qa.tests.SicknessBenefitFor91Days.tearDown(SicknessBenefitFor91Days.java:660)\r\n\tat sun.reflect.NativeMethodAccessorImpl.invoke0(Native Method)\r\n\tat sun.reflect.NativeMethodAccessorImpl.invoke(NativeMethodAccessorImpl.java:62)\r\n\tat sun.reflect.DelegatingMethodAccessorImpl.invoke(DelegatingMethodAccessorImpl.java:43)\r\n\tat java.lang.reflect.Method.invoke(Method.java:498)\r\n\tat org.testng.internal.MethodInvocationHelper.invokeMethod(MethodInvocationHelper.java:124)\r\n\tat org.testng.internal.MethodInvocationHelper.invokeMethodConsideringTimeout(MethodInvocationHelper.java:59)\r\n\tat org.testng.internal.Invoker.invokeConfigurationMethod(Invoker.java:458)\r\n\tat org.testng.internal.Invoker.invokeConfigurations(Invoker.java:222)\r\n\tat org.testng.internal.Invoker.invokeMethod(Invoker.java:646)\r\n\tat org.testng.internal.Invoker.invokeTestMethod(Invoker.java:719)\r\n\tat org.testng.internal.Invoker.invokeTestMethods(Invoker.java:989)\r\n\tat org.testng.internal.TestMethodWorker.invokeTestMethods(TestMethodWorker.java:125)\r\n\tat org.testng.internal.TestMethodWorker.run(TestMethodWorker.java:109)\r\n\tat org.testng.TestRunner.privateRun(TestRunner.java:648)\r\n\tat org.testng.TestRunner.run(TestRunner.java:505)\r\n\tat org.testng.SuiteRunner.runTest(SuiteRunner.java:455)\r\n\tat org.testng.SuiteRunner.runSequentially(SuiteRunner.java:450)\r\n\tat org.testng.SuiteRunner.privateRun(SuiteRunner.java:415)\r\n\tat org.testng.SuiteRunner.run(SuiteRunner.java:364)\r\n\tat org.testng.SuiteRunnerWorker.runSuite(SuiteRunnerWorker.java:52)\r\n\tat org.testng.SuiteRunnerWorker.run(SuiteRunnerWorker.java:84)\r\n\tat org.testng.TestNG.runSuitesSequentially(TestNG.java:1208)\r\n\tat org.testng.TestNG.runSuitesLocally(TestNG.java:1137)\r\n\tat org.testng.TestNG.runSuites(TestNG.java:1049)\r\n\tat org.testng.TestNG.run(TestNG.java:1017)\r\n\tat org.testng.remote.AbstractRemoteTestNG.run(AbstractRemoteTestNG.java:132)\r\n\tat org.testng.remote.RemoteTestNG.initAndRun(RemoteTestNG.java:230)\r\n\tat org.testng.remote.RemoteTestNG.main(RemoteTestNG.java:76)\r\nCaused by: org.openqa.selenium.NoSuchWindowException: Window not found. The browser window may have been closed.\nBuild info: version: '2.53.0', revision: '35ae25b1534ae328c771e0856c93e187490ca824', time: '2016-03-15 10:43:46'\nSystem info: host: 'DESKTOP-3MLN4MN', ip: '192.168.0.34', os.name: 'Windows 10', os.arch: 'amd64', os.version: '10.0', java.version: '1.8.0_281'\nDriver info: driver.version: unknown\r\n\tat <anonymous class>.nsCommandProcessor.prototype.execute(file:///C:/Users/User/AppData/Local/Temp/anonymous5241288744810966137webdriver-profile/extensions/fxdriver@googlecode.com/components/command-processor.js:12715)\r\n\tat <anonymous class>.Dispatcher.executeAs/<(file:///C:/Users/User/AppData/Local/Temp/anonymous5241288744810966137webdriver-profile/extensions/fxdriver@googlecode.com/components/driver-component.js:9558)\r\n\tat <anonymous class>.Resource.prototype.handle(file:///C:/Users/User/AppData/Local/Temp/anonymous5241288744810966137webdriver-profile/extensions/fxdriver@googlecode.com/components/driver-component.js:9705)\r\n\tat <anonymous class>.Dispatcher.prototype.dispatch(file:///C:/Users/User/AppData/Local/Temp/anonymous5241288744810966137webdriver-profile/extensions/fxdriver@googlecode.com/components/driver-component.js:9652)\r\n\tat <anonymous class>.WebDriverServer/<.handle(file:///C:/Users/User/AppData/Local/Temp/anonymous5241288744810966137webdriver-profile/extensions/fxdriver@googlecode.com/components/driver-component.js:12517)\r\n\tat <anonymous class>.createHandlerFunc/<(file:///C:/Users/User/AppData/Local/Temp/anonymous5241288744810966137webdriver-profile/extensions/fxdriver@googlecode.com/components/httpd.js:2054)\r\n\tat <anonymous class>.ServerHandler.prototype.handleResponse(file:///C:/Users/User/AppData/Local/Temp/anonymous5241288744810966137webdriver-profile/extensions/fxdriver@googlecode.com/components/httpd.js:2387)\r\n\tat <anonymous class>.Connection.prototype.process(file:///C:/Users/User/AppData/Local/Temp/anonymous5241288744810966137webdriver-profile/extensions/fxdriver@googlecode.com/components/httpd.js:1223)\r\n\tat <anonymous class>.RequestReader.prototype._handleResponse(file:///C:/Users/User/AppData/Local/Temp/anonymous5241288744810966137webdriver-profile/extensions/fxdriver@googlecode.com/components/httpd.js:1677)\r\n\tat <anonymous class>.RequestReader.prototype._processBody(file:///C:/Users/User/AppData/Local/Temp/anonymous5241288744810966137webdriver-profile/extensions/fxdriver@googlecode.com/components/httpd.js:1525)\r\n\tat <anonymous class>.RequestReader.prototype.onInputStreamReady(file:///C:/Users/User/AppData/Local/Temp/anonymous5241288744810966137webdriver-profile/extensions/fxdriver@googlecode.com/components/httpd.js:1393)\r\n"},"stage":"finished","description":"","steps":[],"attachments":[],"parameters":[],"start":1640600981413,"stop":1640600981420}],"links":[],"start":1640600981413,"stop":1640600981420}