{"name":"FirstCertificateForSB","status":"broken","statusDetails":{"known":false,"muted":false,"flaky":false,"message":"Unable to locate element: {\"method\":\"id\",\"selector\":\"ctl00_HomePageContent_lblStatus\"}\nCommand duration or timeout: 21.02 seconds\nFor documentation on this error, please visit: http://seleniumhq.org/exceptions/no_such_element.html\nBuild info: version: '2.53.0', revision: '35ae25b1534ae328c771e0856c93e187490ca824', time: '2016-03-15 10:43:46'\nSystem info: host: 'DESKTOP-3MLN4MN', ip: '10.30.11.149', os.name: 'Windows 10', os.arch: 'amd64', os.version: '10.0', java.version: '1.8.0_281'\nDriver info: org.openqa.selenium.firefox.FirefoxDriver\nCapabilities [{applicationCacheEnabled=true, rotatable=false, handlesAlerts=true, databaseEnabled=true, version=40.0.3, platform=WINDOWS, nativeEvents=false, acceptSslCerts=true, webStorageEnabled=true, locationContextEnabled=true, browserName=firefox, takesScreenshot=true, javascriptEnabled=true, cssSelectorsEnabled=true}]\nSession ID: 6b8cd693-d282-4481-b84d-7929815feeb8\n*** Element info: {Using=id, value=ctl00_HomePageContent_lblStatus}","trace":"org.openqa.selenium.NoSuchElementException: Unable to locate element: {\"method\":\"id\",\"selector\":\"ctl00_HomePageContent_lblStatus\"}\nCommand duration or timeout: 21.02 seconds\nFor documentation on this error, please visit: http://seleniumhq.org/exceptions/no_such_element.html\nBuild info: version: '2.53.0', revision: '35ae25b1534ae328c771e0856c93e187490ca824', time: '2016-03-15 10:43:46'\nSystem info: host: 'DESKTOP-3MLN4MN', ip: '10.30.11.149', os.name: 'Windows 10', os.arch: 'amd64', os.version: '10.0', java.version: '1.8.0_281'\nDriver info: org.openqa.selenium.firefox.FirefoxDriver\nCapabilities [{applicationCacheEnabled=true, rotatable=false, handlesAlerts=true, databaseEnabled=true, version=40.0.3, platform=WINDOWS, nativeEvents=false, acceptSslCerts=true, webStorageEnabled=true, locationContextEnabled=true, browserName=firefox, takesScreenshot=true, javascriptEnabled=true, cssSelectorsEnabled=true}]\nSession ID: 6b8cd693-d282-4481-b84d-7929815feeb8\n*** Element info: {Using=id, value=ctl00_HomePageContent_lblStatus}\r\n\tat sun.reflect.NativeConstructorAccessorImpl.newInstance0(Native Method)\r\n\tat sun.reflect.NativeConstructorAccessorImpl.newInstance(NativeConstructorAccessorImpl.java:62)\r\n\tat sun.reflect.DelegatingConstructorAccessorImpl.newInstance(DelegatingConstructorAccessorImpl.java:45)\r\n\tat java.lang.reflect.Constructor.newInstance(Constructor.java:423)\r\n\tat org.openqa.selenium.remote.ErrorHandler.createThrowable(ErrorHandler.java:206)\r\n\tat org.openqa.selenium.remote.ErrorHandler.throwIfResponseFailed(ErrorHandler.java:158)\r\n\tat org.openqa.selenium.remote.RemoteWebDriver.execute(RemoteWebDriver.java:678)\r\n\tat org.openqa.selenium.remote.RemoteWebDriver.findElement(RemoteWebDriver.java:363)\r\n\tat org.openqa.selenium.remote.RemoteWebDriver.findElementById(RemoteWebDriver.java:413)\r\n\tat org.openqa.selenium.By$ById.findElement(By.java:218)\r\n\tat org.openqa.selenium.remote.RemoteWebDriver.findElement(RemoteWebDriver.java:355)\r\n\tat com.qa.tests.SicknessBenefitCompleteFlow.FirstCertificateForSB(SicknessBenefitCompleteFlow.java:186)\r\n\tat sun.reflect.NativeMethodAccessorImpl.invoke0(Native Method)\r\n\tat sun.reflect.NativeMethodAccessorImpl.invoke(NativeMethodAccessorImpl.java:62)\r\n\tat sun.reflect.DelegatingMethodAccessorImpl.invoke(DelegatingMethodAccessorImpl.java:43)\r\n\tat java.lang.reflect.Method.invoke(Method.java:498)\r\n\tat org.testng.internal.MethodInvocationHelper.invokeMethod(MethodInvocationHelper.java:124)\r\n\tat org.testng.internal.Invoker.invokeMethod(Invoker.java:583)\r\n\tat org.testng.internal.Invoker.invokeTestMethod(Invoker.java:719)\r\n\tat org.testng.internal.Invoker.invokeTestMethods(Invoker.java:989)\r\n\tat org.testng.internal.TestMethodWorker.invokeTestMethods(TestMethodWorker.java:125)\r\n\tat org.testng.internal.TestMethodWorker.run(TestMethodWorker.java:109)\r\n\tat org.testng.TestRunner.privateRun(TestRunner.java:648)\r\n\tat org.testng.TestRunner.run(TestRunner.java:505)\r\n\tat org.testng.SuiteRunner.runTest(SuiteRunner.java:455)\r\n\tat org.testng.SuiteRunner.runSequentially(SuiteRunner.java:450)\r\n\tat org.testng.SuiteRunner.privateRun(SuiteRunner.java:415)\r\n\tat org.testng.SuiteRunner.run(SuiteRunner.java:364)\r\n\tat org.testng.SuiteRunnerWorker.runSuite(SuiteRunnerWorker.java:52)\r\n\tat org.testng.SuiteRunnerWorker.run(SuiteRunnerWorker.java:84)\r\n\tat org.testng.TestNG.runSuitesSequentially(TestNG.java:1208)\r\n\tat org.testng.TestNG.runSuitesLocally(TestNG.java:1137)\r\n\tat org.testng.TestNG.runSuites(TestNG.java:1049)\r\n\tat org.testng.TestNG.run(TestNG.java:1017)\r\n\tat org.testng.remote.AbstractRemoteTestNG.run(AbstractRemoteTestNG.java:132)\r\n\tat org.testng.remote.RemoteTestNG.initAndRun(RemoteTestNG.java:230)\r\n\tat org.testng.remote.RemoteTestNG.main(RemoteTestNG.java:76)\r\nCaused by: org.openqa.selenium.NoSuchElementException: Unable to locate element: {\"method\":\"id\",\"selector\":\"ctl00_HomePageContent_lblStatus\"}\nFor documentation on this error, please visit: http://seleniumhq.org/exceptions/no_such_element.html\nBuild info: version: '2.53.0', revision: '35ae25b1534ae328c771e0856c93e187490ca824', time: '2016-03-15 10:43:46'\nSystem info: host: 'DESKTOP-3MLN4MN', ip: '10.30.11.149', os.name: 'Windows 10', os.arch: 'amd64', os.version: '10.0', java.version: '1.8.0_281'\nDriver info: driver.version: unknown\r\n\tat <anonymous class>.FirefoxDriver.prototype.findElementInternal_(file:///C:/Users/User/AppData/Local/Temp/anonymous7157415470505303353webdriver-profile/extensions/fxdriver@googlecode.com/components/driver-component.js:10770)\r\n\tat <anonymous class>.fxdriver.Timer.prototype.setTimeout/<.notify(file:///C:/Users/User/AppData/Local/Temp/anonymous7157415470505303353webdriver-profile/extensions/fxdriver@googlecode.com/components/driver-component.js:625)\r\n"},"stage":"finished","steps":[],"attachments":[],"parameters":[],"start":1633341704960,"stop":1633341756439,"uuid":"9ab5d775-5197-47ef-806c-a9deb1844952","historyId":"7b6b278d4a281e3f22418ebacd918438","fullName":"com.qa.tests.SicknessBenefitCompleteFlow.FirstCertificateForSB","labels":[{"name":"package","value":"com.qa.tests.SicknessBenefitCompleteFlow"},{"name":"testClass","value":"com.qa.tests.SicknessBenefitCompleteFlow"},{"name":"testMethod","value":"FirstCertificateForSB"},{"name":"parentSuite","value":"Suite"},{"name":"suite","value":"Test1"},{"name":"subSuite","value":"com.qa.tests.SicknessBenefitCompleteFlow"},{"name":"host","value":"DESKTOP-3MLN4MN"},{"name":"thread","value":"11284@DESKTOP-3MLN4MN.main(1)"},{"name":"framework","value":"testng"},{"name":"language","value":"java"}],"links":[]}