{"name":"LoginforPrintCounterFoil","status":"broken","statusDetails":{"known":false,"muted":false,"flaky":false,"message":"Unable to locate element: {\"method\":\"xpath\",\"selector\":\".//*[@id='navigation']/ul/li[2]/a\"}\nCommand duration or timeout: 30.42 seconds\nFor documentation on this error, please visit: http://seleniumhq.org/exceptions/no_such_element.html\nBuild info: version: '2.53.0', revision: '35ae25b1534ae328c771e0856c93e187490ca824', time: '2016-03-15 10:43:46'\nSystem info: host: 'DESKTOP-3MLN4MN', ip: '192.168.0.37', os.name: 'Windows 10', os.arch: 'amd64', os.version: '10.0', java.version: '1.8.0_281'\nDriver info: org.openqa.selenium.firefox.FirefoxDriver\nCapabilities [{applicationCacheEnabled=true, rotatable=false, handlesAlerts=true, databaseEnabled=true, version=40.0.3, platform=WINDOWS, nativeEvents=false, acceptSslCerts=true, webStorageEnabled=true, locationContextEnabled=true, browserName=firefox, takesScreenshot=true, javascriptEnabled=true, cssSelectorsEnabled=true}]\nSession ID: 10523a3f-6347-478d-bb54-1ca06462d5d1\n*** Element info: {Using=xpath, value=.//*[@id='navigation']/ul/li[2]/a}","trace":"org.openqa.selenium.NoSuchElementException: Unable to locate element: {\"method\":\"xpath\",\"selector\":\".//*[@id='navigation']/ul/li[2]/a\"}\nCommand duration or timeout: 30.42 seconds\nFor documentation on this error, please visit: http://seleniumhq.org/exceptions/no_such_element.html\nBuild info: version: '2.53.0', revision: '35ae25b1534ae328c771e0856c93e187490ca824', time: '2016-03-15 10:43:46'\nSystem info: host: 'DESKTOP-3MLN4MN', ip: '192.168.0.37', os.name: 'Windows 10', os.arch: 'amd64', os.version: '10.0', java.version: '1.8.0_281'\nDriver info: org.openqa.selenium.firefox.FirefoxDriver\nCapabilities [{applicationCacheEnabled=true, rotatable=false, handlesAlerts=true, databaseEnabled=true, version=40.0.3, platform=WINDOWS, nativeEvents=false, acceptSslCerts=true, webStorageEnabled=true, locationContextEnabled=true, browserName=firefox, takesScreenshot=true, javascriptEnabled=true, cssSelectorsEnabled=true}]\nSession ID: 10523a3f-6347-478d-bb54-1ca06462d5d1\n*** Element info: {Using=xpath, value=.//*[@id='navigation']/ul/li[2]/a}\r\n\tat sun.reflect.NativeConstructorAccessorImpl.newInstance0(Native Method)\r\n\tat sun.reflect.NativeConstructorAccessorImpl.newInstance(NativeConstructorAccessorImpl.java:62)\r\n\tat sun.reflect.DelegatingConstructorAccessorImpl.newInstance(DelegatingConstructorAccessorImpl.java:45)\r\n\tat java.lang.reflect.Constructor.newInstance(Constructor.java:423)\r\n\tat org.openqa.selenium.remote.ErrorHandler.createThrowable(ErrorHandler.java:206)\r\n\tat org.openqa.selenium.remote.ErrorHandler.throwIfResponseFailed(ErrorHandler.java:158)\r\n\tat org.openqa.selenium.remote.RemoteWebDriver.execute(RemoteWebDriver.java:678)\r\n\tat org.openqa.selenium.remote.RemoteWebDriver.findElement(RemoteWebDriver.java:363)\r\n\tat org.openqa.selenium.remote.RemoteWebDriver.findElementByXPath(RemoteWebDriver.java:500)\r\n\tat org.openqa.selenium.By$ByXPath.findElement(By.java:361)\r\n\tat org.openqa.selenium.remote.RemoteWebDriver.findElement(RemoteWebDriver.java:355)\r\n\tat org.openqa.selenium.support.pagefactory.DefaultElementLocator.findElement(DefaultElementLocator.java:69)\r\n\tat org.openqa.selenium.support.pagefactory.internal.LocatingElementHandler.invoke(LocatingElementHandler.java:38)\r\n\tat com.sun.proxy.$Proxy10.click(Unknown Source)\r\n\tat com.qa.tests.PrintCounterFoilTest.LoginforPrintCounterFoil(PrintCounterFoilTest.java:57)\r\n\tat sun.reflect.NativeMethodAccessorImpl.invoke0(Native Method)\r\n\tat sun.reflect.NativeMethodAccessorImpl.invoke(NativeMethodAccessorImpl.java:62)\r\n\tat sun.reflect.DelegatingMethodAccessorImpl.invoke(DelegatingMethodAccessorImpl.java:43)\r\n\tat java.lang.reflect.Method.invoke(Method.java:498)\r\n\tat org.testng.internal.MethodInvocationHelper.invokeMethod(MethodInvocationHelper.java:124)\r\n\tat org.testng.internal.Invoker.invokeMethod(Invoker.java:583)\r\n\tat org.testng.internal.Invoker.invokeTestMethod(Invoker.java:719)\r\n\tat org.testng.internal.Invoker.invokeTestMethods(Invoker.java:989)\r\n\tat org.testng.internal.TestMethodWorker.invokeTestMethods(TestMethodWorker.java:125)\r\n\tat org.testng.internal.TestMethodWorker.run(TestMethodWorker.java:109)\r\n\tat org.testng.TestRunner.privateRun(TestRunner.java:648)\r\n\tat org.testng.TestRunner.run(TestRunner.java:505)\r\n\tat org.testng.SuiteRunner.runTest(SuiteRunner.java:455)\r\n\tat org.testng.SuiteRunner.runSequentially(SuiteRunner.java:450)\r\n\tat org.testng.SuiteRunner.privateRun(SuiteRunner.java:415)\r\n\tat org.testng.SuiteRunner.run(SuiteRunner.java:364)\r\n\tat org.testng.SuiteRunnerWorker.runSuite(SuiteRunnerWorker.java:52)\r\n\tat org.testng.SuiteRunnerWorker.run(SuiteRunnerWorker.java:84)\r\n\tat org.testng.TestNG.runSuitesSequentially(TestNG.java:1208)\r\n\tat org.testng.TestNG.runSuitesLocally(TestNG.java:1137)\r\n\tat org.testng.TestNG.runSuites(TestNG.java:1049)\r\n\tat org.testng.TestNG.run(TestNG.java:1017)\r\n\tat org.testng.remote.AbstractRemoteTestNG.run(AbstractRemoteTestNG.java:132)\r\n\tat org.testng.remote.RemoteTestNG.initAndRun(RemoteTestNG.java:230)\r\n\tat org.testng.remote.RemoteTestNG.main(RemoteTestNG.java:76)\r\nCaused by: org.openqa.selenium.NoSuchElementException: Unable to locate element: {\"method\":\"xpath\",\"selector\":\".//*[@id='navigation']/ul/li[2]/a\"}\nFor documentation on this error, please visit: http://seleniumhq.org/exceptions/no_such_element.html\nBuild info: version: '2.53.0', revision: '35ae25b1534ae328c771e0856c93e187490ca824', time: '2016-03-15 10:43:46'\nSystem info: host: 'DESKTOP-3MLN4MN', ip: '192.168.0.37', os.name: 'Windows 10', os.arch: 'amd64', os.version: '10.0', java.version: '1.8.0_281'\nDriver info: driver.version: unknown\r\n\tat <anonymous class>.FirefoxDriver.prototype.findElementInternal_(file:///C:/Users/User/AppData/Local/Temp/anonymous4532974606348600893webdriver-profile/extensions/fxdriver@googlecode.com/components/driver-component.js:10770)\r\n\tat <anonymous class>.fxdriver.Timer.prototype.setTimeout/<.notify(file:///C:/Users/User/AppData/Local/Temp/anonymous4532974606348600893webdriver-profile/extensions/fxdriver@googlecode.com/components/driver-component.js:625)\r\n"},"stage":"finished","steps":[],"attachments":[],"parameters":[],"start":1639379755636,"stop":1639380029255,"uuid":"cff097af-6f31-4bb4-b29b-43a9c00ed084","historyId":"cd1e8ac29c376995997584176d32f4a2","fullName":"com.qa.tests.PrintCounterFoilTest.LoginforPrintCounterFoil","labels":[{"name":"package","value":"com.qa.tests.PrintCounterFoilTest"},{"name":"testClass","value":"com.qa.tests.PrintCounterFoilTest"},{"name":"testMethod","value":"LoginforPrintCounterFoil"},{"name":"parentSuite","value":"Default suite"},{"name":"suite","value":"Default test"},{"name":"subSuite","value":"com.qa.tests.PrintCounterFoilTest"},{"name":"host","value":"DESKTOP-3MLN4MN"},{"name":"thread","value":"8508@DESKTOP-3MLN4MN.main(1)"},{"name":"framework","value":"testng"},{"name":"language","value":"java"}],"links":[]}